#
# A fatal error has been detected by the Java Runtime Environment:
#
#  EXCEPTION_ACCESS_VIOLATION (0xc0000005) at pc=0x000000002009ff06, pid=59868, tid=0x000000000000d914
#
# JRE version: Java(TM) SE Runtime Environment (8.0_131-b11) (build 1.8.0_131-b11)
# Java VM: Java HotSpot(TM) 64-Bit Server VM (25.131-b11 mixed mode windows-amd64 compressed oops)
# Problematic frame:
# C  [freeime.ime+0x2ff06]
#
# Failed to write core dump. Minidumps are not enabled by default on client versions of Windows
#
# If you would like to submit a bug report, please visit:
#   http://bugreport.java.com/bugreport/crash.jsp
# The crash happened outside the Java Virtual Machine in native code.
# See problematic frame for where to report the bug.
#

---------------  T H R E A D  ---------------

Current thread (0x0000000016d56800):  JavaThread "AWT-Windows" daemon [_thread_in_native, id=55572, stack(0x00000000178a0000,0x00000000179a0000)]

siginfo: ExceptionCode=0xc0000005, reading address 0x0000000000000008

Registers:
RAX=0x0000000000000000, RBX=0x0000000000000077, RCX=0x0000000000000000, RDX=0x00007ffc8ffecd00
RSP=0x000000001799e800, RBP=0x0000000000000011, RSI=0x000000001a0fa0c0, RDI=0x0000000000000001
R8 =0x0000000000000008, R9 =0x0000000000000077, R10=0x000000001a0ed670, R11=0x0000000000000000
R12=0x0000000000000000, R13=0x0000000001258330, R14=0x0000000000000057, R15=0x000000001a0ed670
RIP=0x000000002009ff06, EFLAGS=0x0000000000010246

Top of Stack: (sp=0x000000001799e800)
0x000000001799e800:   0000000000000077 0000000000000077
0x000000001799e810:   0000000000000057 0000000000000000
0x000000001799e820:   0000000001258330 000000001a0ed670
0x000000001799e830:   000000000000c474 0000000016dbe5b0
0x000000001799e840:   0000000000000000 0000000001257430
0x000000001799e850:   0000000000000000 0000000016d56800
0x000000001799e860:   0000000003005eea 0000000016d569f8
0x000000001799e870:   0000000000000001 00007ffc8ff6bf77
0x000000001799e880:   0000000000000135 000000001799eaf0
0x000000001799e890:   0000000016d56800 0000000000000000
0x000000001799e8a0:   0000000019617058 00000000712e6acf
0x000000001799e8b0:   0000000016d56800 0000d9b2b7e597d6
0x000000001799e8c0:   0000000016d56800 0000000000000000
0x000000001799e8d0:   000000000000c474 0000000016dbe5b0
0x000000001799e8e0:   0000000000000000 0000000070a27c63
0x000000001799e8f0:   0000000000000000 0000000016dbe5b0 

Instructions: (pc=0x000000002009ff06)
0x000000002009fee6:   00 48 85 c0 48 89 44 24 48 0f 84 4d 0b 00 00 49
0x000000002009fef6:   8b 8d 28 01 00 00 e8 a1 c2 00 00 48 89 44 24 50
0x000000002009ff06:   8b 68 08 48 03 e8 66 83 fb 5f 75 16 44 39 a4 24
0x000000002009ff16:   40 08 00 00 74 0c c7 05 2e 56 09 00 01 00 00 00 


Register to memory mapping:

RAX=0x0000000000000000 is an unknown value
RBX=0x0000000000000077 is an unknown value
RCX=0x0000000000000000 is an unknown value
RDX=0x00007ffc8ffecd00 is an unknown value
RSP=0x000000001799e800 is pointing into the stack for thread: 0x0000000016d56800
RBP=0x0000000000000011 is an unknown value
RSI=0x000000001a0fa0c0 is an unknown value
RDI=0x0000000000000001 is an unknown value
R8 =0x0000000000000008 is an unknown value
R9 =0x0000000000000077 is an unknown value
R10=0x000000001a0ed670 is an unknown value
R11=0x0000000000000000 is an unknown value
R12=0x0000000000000000 is an unknown value
R13=0x0000000001258330 is an unknown value
R14=0x0000000000000057 is an unknown value
R15=0x000000001a0ed670 is an unknown value


Stack: [0x00000000178a0000,0x00000000179a0000],  sp=0x000000001799e800,  free space=1018k
Native frames: (J=compiled Java code, j=interpreted, Vv=VM code, C=native code)
C  [freeime.ime+0x2ff06]
C  [IMM32.DLL+0xd1fa]
C  [USER32.dll+0x352e0]
C  [awt.dll+0xcc6e1]
C  [awt.dll+0xcc99b]
C  0x0000000003027f74

Java frames: (J=compiled Java code, j=interpreted, Vv=VM code)
j  sun.awt.windows.WToolkit.eventLoop()V+0
j  sun.awt.windows.WToolkit.run()V+58
j  java.lang.Thread.run()V+11
v  ~StubRoutines::call_stub

---------------  P R O C E S S  ---------------

Java Threads: ( => current thread )
  0x0000000018938000 JavaThread "TimerQueue" daemon [_thread_blocked, id=59344, stack(0x00000000197c0000,0x00000000198c0000)]
  0x0000000002bdd800 JavaThread "DestroyJavaVM" [_thread_blocked, id=55660, stack(0x0000000002aa0000,0x0000000002ba0000)]
  0x0000000018732800 JavaThread "AWT-EventQueue-0" [_thread_blocked, id=45892, stack(0x0000000018f30000,0x0000000019030000)]
=>0x0000000016d56800 JavaThread "AWT-Windows" daemon [_thread_in_native, id=55572, stack(0x00000000178a0000,0x00000000179a0000)]
  0x0000000016d09800 JavaThread "AWT-Shutdown" [_thread_blocked, id=60064, stack(0x00000000177a0000,0x00000000178a0000)]
  0x0000000016d09000 JavaThread "Java2D Disposer" daemon [_thread_blocked, id=59932, stack(0x00000000176a0000,0x00000000177a0000)]
  0x0000000016a44000 JavaThread "Service Thread" daemon [_thread_blocked, id=59624, stack(0x00000000172c0000,0x00000000173c0000)]
  0x0000000015656000 JavaThread "C1 CompilerThread2" daemon [_thread_blocked, id=58516, stack(0x00000000171c0000,0x00000000172c0000)]
  0x0000000015645000 JavaThread "C2 CompilerThread1" daemon [_thread_blocked, id=57324, stack(0x00000000170c0000,0x00000000171c0000)]
  0x0000000015626800 JavaThread "C2 CompilerThread0" daemon [_thread_blocked, id=37516, stack(0x0000000016fc0000,0x00000000170c0000)]
  0x0000000015607800 JavaThread "Attach Listener" daemon [_thread_blocked, id=60140, stack(0x0000000016ec0000,0x0000000016fc0000)]
  0x0000000016a03800 JavaThread "Signal Dispatcher" daemon [_thread_blocked, id=59312, stack(0x0000000016dc0000,0x0000000016ec0000)]
  0x00000000155fa800 JavaThread "Finalizer" daemon [_thread_blocked, id=60020, stack(0x0000000016870000,0x0000000016970000)]
  0x0000000003000000 JavaThread "Reference Handler" daemon [_thread_blocked, id=59204, stack(0x0000000016770000,0x0000000016870000)]

Other Threads:
  0x00000000155d6800 VMThread [stack: 0x0000000016670000,0x0000000016770000] [id=57272]
  0x0000000016a6d800 WatcherThread [stack: 0x00000000173c0000,0x00000000174c0000] [id=59600]

VM state:not at safepoint (normal execution)

VM Mutex/Monitor currently owned by a thread: None

Heap:
 PSYoungGen      total 18944K, used 7238K [0x00000000eb200000, 0x00000000ec700000, 0x0000000100000000)
  eden space 16384K, 44% used [0x00000000eb200000,0x00000000eb911b88,0x00000000ec200000)
  from space 2560K, 0% used [0x00000000ec480000,0x00000000ec480000,0x00000000ec700000)
  to   space 2560K, 0% used [0x00000000ec200000,0x00000000ec200000,0x00000000ec480000)
 ParOldGen       total 44032K, used 0K [0x00000000c1600000, 0x00000000c4100000, 0x00000000eb200000)
  object space 44032K, 0% used [0x00000000c1600000,0x00000000c1600000,0x00000000c4100000)
 Metaspace       used 9803K, capacity 9998K, committed 10112K, reserved 1058816K
  class space    used 1252K, capacity 1349K, committed 1408K, reserved 1048576K

Card table byte_map: [0x00000000123d0000,0x00000000125d0000] byte_map_base: 0x0000000011dc5000

Marking Bits: (ParMarkBitMap*) 0x00000000719bc720
 Begin Bits: [0x0000000012b20000, 0x0000000013ac8000)
 End Bits:   [0x0000000013ac8000, 0x0000000014a70000)

Polling page: 0x0000000002ba0000

CodeCache: size=245760Kb used=2152Kb max_used=2152Kb free=243607Kb
 bounds [0x0000000003010000, 0x0000000003280000, 0x0000000012010000]
 total_blobs=978 nmethods=514 adapters=377
 compilation: enabled

Compilation events (10 events):
Event: 9.063 Thread 0x0000000015656000  510       1       java.awt.Component::isCoalescingEnabled (5 bytes)
Event: 9.063 Thread 0x0000000015656000 nmethod 510 0x00000000032285d0 code [0x0000000003228720, 0x0000000003228830]
Event: 9.076 Thread 0x0000000015656000  511       3       java.util.IdentityHashMap::get (60 bytes)
Event: 9.077 Thread 0x0000000015656000 nmethod 511 0x0000000003228890 code [0x0000000003228a40, 0x0000000003228ee8]
Event: 9.576 Thread 0x0000000015656000  512       1       javax.swing.RepaintManager::isDoubleBufferingEnabled (5 bytes)
Event: 9.576 Thread 0x0000000015656000 nmethod 512 0x0000000003229110 code [0x0000000003229260, 0x0000000003229370]
Event: 10.076 Thread 0x0000000015656000  513       3       java.awt.AWTEvent::<init> (81 bytes)
Event: 10.078 Thread 0x0000000015656000 nmethod 513 0x00000000032293d0 code [0x0000000003229580, 0x0000000003229bc8]
Event: 10.078 Thread 0x0000000015656000  514       3       java.awt.Component::isShowing (38 bytes)
Event: 10.078 Thread 0x0000000015656000 nmethod 514 0x0000000003229ed0 code [0x000000000322a040, 0x000000000322a388]

GC Heap History (0 events):
No events

Deoptimization events (0 events):
No events

Internal exceptions (10 events):
Event: 0.737 Thread 0x0000000002bdd800 Exception <a 'java/security/PrivilegedActionException'> (0x00000000eb2e2630) thrown at [C:\re\workspace\8-2-build-windows-amd64-cygwin\jdk8u131\8869\hotspot\src\share\vm\prims\jvm.cpp, line 1390]
Event: 0.737 Thread 0x0000000002bdd800 Exception <a 'java/security/PrivilegedActionException'> (0x00000000eb2e2840) thrown at [C:\re\workspace\8-2-build-windows-amd64-cygwin\jdk8u131\8869\hotspot\src\share\vm\prims\jvm.cpp, line 1390]
Event: 0.742 Thread 0x0000000002bdd800 Exception <a 'java/security/PrivilegedActionException'> (0x00000000eb2e5118) thrown at [C:\re\workspace\8-2-build-windows-amd64-cygwin\jdk8u131\8869\hotspot\src\share\vm\prims\jvm.cpp, line 1390]
Event: 0.742 Thread 0x0000000002bdd800 Exception <a 'java/security/PrivilegedActionException'> (0x00000000eb2e5328) thrown at [C:\re\workspace\8-2-build-windows-amd64-cygwin\jdk8u131\8869\hotspot\src\share\vm\prims\jvm.cpp, line 1390]
Event: 0.762 Thread 0x0000000002bdd800 Exception <a 'java/io/FileNotFoundException'> (0x00000000eb2f0168) thrown at [C:\re\workspace\8-2-build-windows-amd64-cygwin\jdk8u131\8869\hotspot\src\share\vm\prims\jni.cpp, line 709]
Event: 0.944 Thread 0x0000000002bdd800 Exception <a 'java/lang/NoSuchFieldError': method resolution failed> (0x00000000eb410170) thrown at [C:\re\workspace\8-2-build-windows-amd64-cygwin\jdk8u131\8869\hotspot\src\share\vm\prims\methodHandles.cpp, line 1146]
Event: 0.980 Thread 0x0000000002bdd800 Exception <a 'java/lang/NoSuchFieldError': method resolution failed> (0x00000000eb41d540) thrown at [C:\re\workspace\8-2-build-windows-amd64-cygwin\jdk8u131\8869\hotspot\src\share\vm\prims\methodHandles.cpp, line 1146]
Event: 1.212 Thread 0x0000000002bdd800 Exception <a 'java/io/FileNotFoundException'> (0x00000000eb4b1778) thrown at [C:\re\workspace\8-2-build-windows-amd64-cygwin\jdk8u131\8869\hotspot\src\share\vm\prims\jni.cpp, line 709]
Event: 1.612 Thread 0x0000000002bdd800 Exception <a 'java/io/FileNotFoundException'> (0x00000000eb6461a0) thrown at [C:\re\workspace\8-2-build-windows-amd64-cygwin\jdk8u131\8869\hotspot\src\share\vm\prims\jni.cpp, line 709]
Event: 1.612 Thread 0x0000000002bdd800 Exception <a 'java/lang/NullPointerException'> (0x00000000eb6467d8) thrown at [C:\re\workspace\8-2-build-windows-amd64-cygwin\jdk8u131\8869\hotspot\src\share\vm\interpreter\linkResolver.cpp, line 1197]

Events (10 events):
Event: 9.017 loading class javax/swing/Popup$HeavyWeightWindow
Event: 9.017 loading class sun/awt/ModalExclude
Event: 9.018 loading class sun/awt/ModalExclude done
Event: 9.018 loading class javax/swing/JWindow
Event: 9.018 loading class javax/swing/JWindow done
Event: 9.018 loading class javax/swing/Popup$HeavyWeightWindow done
Event: 9.407 loading class sun/awt/windows/WInputMethod$1
Event: 9.408 loading class sun/awt/windows/WInputMethod$1 done
Event: 9.408 loading class java/awt/font/TextHitInfo
Event: 9.408 loading class java/awt/font/TextHitInfo done


Dynamic libraries:
0x00007ff7ad3e0000 - 0x00007ff7ad417000 	D:\MyJava\Java\jre1.8.0_131\bin\javaw.exe
0x00007ffc8ff50000 - 0x00007ffc900fd000 	C:\Windows\SYSTEM32\ntdll.dll
0x00007ffc8db90000 - 0x00007ffc8dcce000 	C:\Windows\system32\KERNEL32.DLL
0x00007ffc8d330000 - 0x00007ffc8d445000 	C:\Windows\system32\KERNELBASE.dll
0x00007ffc8bc40000 - 0x00007ffc8bcce000 	C:\Windows\system32\apphelp.dll
0x00007ffc78000000 - 0x00007ffc78053000 	C:\Windows\AppPatch\AppPatch64\AcGenral.DLL
0x00007ffc8d8c0000 - 0x00007ffc8d96a000 	C:\Windows\system32\msvcrt.dll
0x00007ffc8d4a0000 - 0x00007ffc8d4ce000 	C:\Windows\system32\SspiCli.dll
0x00007ffc8fb40000 - 0x00007ffc8fb94000 	C:\Windows\system32\SHLWAPI.dll
0x00007ffc8fdc0000 - 0x00007ffc8ff37000 	C:\Windows\system32\USER32.dll
0x00007ffc8d5e0000 - 0x00007ffc8d774000 	C:\Windows\system32\ole32.dll
0x00007ffc8e610000 - 0x00007ffc8fb3c000 	C:\Windows\system32\SHELL32.dll
0x00007ffc8c6c0000 - 0x00007ffc8c6e1000 	C:\Windows\SYSTEM32\USERENV.dll
0x00007ffc8dae0000 - 0x00007ffc8db8a000 	C:\Windows\system32\ADVAPI32.dll
0x00007ffc84ae0000 - 0x00007ffc84afe000 	C:\Windows\SYSTEM32\MPR.dll
0x00007ffc8de00000 - 0x00007ffc8df40000 	C:\Windows\system32\RPCRT4.dll
0x00007ffc8e210000 - 0x00007ffc8e269000 	C:\Windows\SYSTEM32\sechost.dll
0x00007ffc8fba0000 - 0x00007ffc8fdb2000 	C:\Windows\SYSTEM32\combase.dll
0x00007ffc8df50000 - 0x00007ffc8e09b000 	C:\Windows\system32\GDI32.dll
0x00007ffc8d080000 - 0x00007ffc8d095000 	C:\Windows\SYSTEM32\profapi.dll
0x00007ffc8b440000 - 0x00007ffc8b4f2000 	C:\Windows\SYSTEM32\SHCORE.dll
0x00007ffc8d970000 - 0x00007ffc8d9a6000 	C:\Windows\system32\IMM32.DLL
0x00007ffc8e0a0000 - 0x00007ffc8e1f1000 	C:\Windows\system32\MSCTF.dll
0x00007ffc8ab40000 - 0x00007ffc8adbb000 	C:\Windows\WinSxS\amd64_microsoft.windows.common-controls_6595b64144ccf1df_6.0.9600.18006_none_623f33d3ecbe86e8\COMCTL32.dll
0x0000000070b20000 - 0x0000000070bf2000 	D:\MyJava\Java\jre1.8.0_131\bin\msvcr100.dll
0x00000000711a0000 - 0x0000000071a3c000 	D:\MyJava\Java\jre1.8.0_131\bin\server\jvm.dll
0x00007ffc7f800000 - 0x00007ffc7f809000 	C:\Windows\SYSTEM32\WSOCK32.dll
0x00007ffc89cd0000 - 0x00007ffc89cf2000 	C:\Windows\SYSTEM32\WINMM.dll
0x00007ffc8a7c0000 - 0x00007ffc8a7ca000 	C:\Windows\SYSTEM32\VERSION.dll
0x00007ffc8e600000 - 0x00007ffc8e607000 	C:\Windows\system32\PSAPI.DLL
0x00007ffc8dcd0000 - 0x00007ffc8dd2a000 	C:\Windows\system32\WS2_32.dll
0x00007ffc89be0000 - 0x00007ffc89c0a000 	C:\Windows\SYSTEM32\WINMMBASE.dll
0x00007ffc8df40000 - 0x00007ffc8df49000 	C:\Windows\system32\NSI.dll
0x00007ffc8d450000 - 0x00007ffc8d49f000 	C:\Windows\SYSTEM32\cfgmgr32.dll
0x00007ffc8be90000 - 0x00007ffc8beb8000 	C:\Windows\SYSTEM32\DEVOBJ.dll
0x0000000071ac0000 - 0x0000000071acf000 	D:\MyJava\Java\jre1.8.0_131\bin\verify.dll
0x0000000071170000 - 0x0000000071199000 	D:\MyJava\Java\jre1.8.0_131\bin\java.dll
0x0000000071150000 - 0x0000000071166000 	D:\MyJava\Java\jre1.8.0_131\bin\zip.dll
0x0000000070980000 - 0x0000000070b18000 	D:\MyJava\Java\jre1.8.0_131\bin\awt.dll
0x00007ffc8dd30000 - 0x00007ffc8ddf6000 	C:\Windows\system32\OLEAUT32.dll
0x00007ffc8b240000 - 0x00007ffc8b261000 	C:\Windows\system32\DWMAPI.DLL
0x00007ffc8bd10000 - 0x00007ffc8be39000 	C:\Windows\system32\uxtheme.dll
0x00007ffc7a240000 - 0x00007ffc7a36b000 	C:\Windows\system32\opengl32.dll
0x00007ffc7d510000 - 0x00007ffc7d53e000 	C:\Windows\SYSTEM32\GLU32.dll
0x00007ffc7a140000 - 0x00007ffc7a238000 	C:\Windows\SYSTEM32\DDRAW.dll
0x00007ffc891c0000 - 0x00007ffc891c9000 	C:\Windows\SYSTEM32\DCIMAN32.dll
0x00007ffc8bee0000 - 0x00007ffc8beeb000 	C:\Windows\SYSTEM32\kernel.appcore.dll
0x00007ffc8cfc0000 - 0x00007ffc8cfcb000 	C:\Windows\SYSTEM32\CRYPTBASE.dll
0x00007ffc8cf50000 - 0x00007ffc8cfb3000 	C:\Windows\SYSTEM32\bcryptPrimitives.dll
0x0000000070920000 - 0x0000000070967000 	D:\MyJava\Java\jre1.8.0_131\bin\fontmanager.dll
0x00007ffc8d800000 - 0x00007ffc8d8b6000 	C:\Windows\SYSTEM32\clbcatq.dll
0x00007ffc80f80000 - 0x00007ffc8112e000 	C:\Windows\SYSTEM32\WindowsCodecs.dll
0x00007ffc8c9e0000 - 0x00007ffc8ca00000 	C:\Windows\SYSTEM32\CRYPTSP.dll
0x00007ffc8c5b0000 - 0x00007ffc8c5e6000 	C:\Windows\system32\rsaenh.dll
0x00007ffc8cc30000 - 0x00007ffc8cc56000 	C:\Windows\SYSTEM32\bcrypt.dll
0x0000000071130000 - 0x000000007114a000 	D:\MyJava\Java\jre1.8.0_131\bin\net.dll
0x00007ffc8c980000 - 0x00007ffc8c9d9000 	C:\Windows\system32\mswsock.dll
0x0000000071110000 - 0x0000000071121000 	D:\MyJava\Java\jre1.8.0_131\bin\nio.dll
0x00000000708d0000 - 0x0000000070912000 	D:\MyJava\Java\jre1.8.0_131\bin\t2k.dll
0x00007ffc5e250000 - 0x00007ffc5e434000 	C:\Windows\system32\SogouTSF.ime
0x00007ffc8a540000 - 0x00007ffc8a547000 	C:\Windows\system32\MSIMG32.dll
0x00007ffc5d0d0000 - 0x00007ffc5d927000 	C:\Windows\system32\SogouPy.ime
0x00007ffc7f730000 - 0x00007ffc7f7f7000 	C:\Windows\SYSTEM32\WINHTTP.dll
0x00007ffc8a210000 - 0x00007ffc8a27a000 	C:\Windows\SYSTEM32\OLEACC.dll
0x00007ffc895a0000 - 0x00007ffc895d2000 	C:\Windows\SYSTEM32\ntmarta.dll
0x000000001afd0000 - 0x000000001b0b4000 	D:\工具软件\搜狗输入法\SogouInput\8.9.0.2180\Resource.dll
0x00007ffc5dfe0000 - 0x00007ffc5e247000 	D:\工具软件\搜狗输入法\SogouInput\Components\PicFace\1.1.0.1819\PicFace64.dll
0x00007ffc8d9b0000 - 0x00007ffc8da66000 	C:\Windows\system32\COMDLG32.dll
0x0000000020070000 - 0x000000002014e000 	C:\Windows\system32\freeime.ime
0x00007ffc76d80000 - 0x00007ffc76f0a000 	D:\工具软件\搜狗输入法\SogouInput\Components\SogouFlash\2.1.0.229\SogouFlashDll64.dll
0x00007ffc8d780000 - 0x00007ffc8d7dc000 	C:\Windows\system32\WLDAP32.dll
0x00007ffc75e70000 - 0x00007ffc75ff9000 	C:\Windows\SYSTEM32\dbghelp.dll

VM Arguments:
jvm_args: -Dfile.encoding=GBK 
java_command: com.operation.client.Login
java_class_path (initial): D:\MyJava\Java\jre1.8.0_131\lib\resources.jar;D:\MyJava\Java\jre1.8.0_131\lib\rt.jar;D:\MyJava\Java\jre1.8.0_131\lib\jsse.jar;D:\MyJava\Java\jre1.8.0_131\lib\jce.jar;D:\MyJava\Java\jre1.8.0_131\lib\charsets.jar;D:\MyJava\Java\jre1.8.0_131\lib\jfr.jar;D:\MyJava\Java\jre1.8.0_131\lib\ext\access-bridge-64.jar;D:\MyJava\Java\jre1.8.0_131\lib\ext\cldrdata.jar;D:\MyJava\Java\jre1.8.0_131\lib\ext\dnsns.jar;D:\MyJava\Java\jre1.8.0_131\lib\ext\jaccess.jar;D:\MyJava\Java\jre1.8.0_131\lib\ext\jfxrt.jar;D:\MyJava\Java\jre1.8.0_131\lib\ext\localedata.jar;D:\MyJava\Java\jre1.8.0_131\lib\ext\nashorn.jar;D:\MyJava\Java\jre1.8.0_131\lib\ext\sunec.jar;D:\MyJava\Java\jre1.8.0_131\lib\ext\sunjce_provider.jar;D:\MyJava\Java\jre1.8.0_131\lib\ext\sunmscapi.jar;D:\MyJava\Java\jre1.8.0_131\lib\ext\sunpkcs11.jar;D:\MyJava\Java\jre1.8.0_131\lib\ext\zipfs.jar;D:\软件工作站点\软件协同设计\Operation\OperationClient\bin
Launcher Type: SUN_STANDARD

Environment Variables:
JAVA_HOME=D:\MyJava\Java\jdk1.8.0_131
CLASSPATH=.;D:\MyJava\Java\jdk1.8.0_131\lib\dt.jar;D:\MyJava\Java\jdk1.8.0_131\lib\tools.jar
PATH=D:/MyJava/Java/jre1.8.0_131/bin/server;D:/MyJava/Java/jre1.8.0_131/bin;D:/MyJava/Java/jre1.8.0_131/lib/amd64;C:\ProgramData\Oracle\Java\javapath;;D:\MyJava\Java\jdk1.8.0_131\bin;D:\MyJava\Java\jdk1.8.0_131\jre\bin;C:\Program Files (x86)\Microsoft SQL Server\100\Tools\Binn\;C:\Program Files\Microsoft SQL Server\100\Tools\Binn\;C:\Program Files\Microsoft SQL Server\100\DTS\Binn\;C:\Program Files (x86)\Microsoft SQL Server\100\Tools\Binn\VSShell\Common7\IDE\;C:\Program Files (x86)\Microsoft SQL Server\100\DTS\Binn\;C:\Program Files (x86)\Microsoft Visual Studio 9.0\Common7\IDE\PrivateAssemblies\;C:\Program Files (x86)\NVIDIA Corporation\PhysX\Common;C:\Windows\system32;C:\Windows;C:\Windows\system32\wbem;C:\Program Files\Common Files\Autodesk Shared\;C:\Program Files (x86)\Autodesk\Backburner\;C:\windows\system32\;D:\MyJava\Android\sdk\platform-tools;D:\MyJava\eclipse\eclipse-java\eclipse;
USERNAME=pre
OS=Windows_NT
PROCESSOR_IDENTIFIER=Intel64 Family 6 Model 69 Stepping 1, GenuineIntel



---------------  S Y S T E M  ---------------

OS: Windows 8.1 , 64 bit Build 9600 (6.3.9600.17415)

CPU:total 4 (initial active 4) (2 cores per cpu, 2 threads per core) family 6 model 69 stepping 1, cmov, cx8, fxsr, mmx, sse, sse2, sse3, ssse3, sse4.1, sse4.2, popcnt, avx, avx2, aes, clmul, erms, lzcnt, ht, tsc, tscinvbit, bmi1, bmi2

Memory: 4k page, physical 4101080k(859508k free), swap 7246808k(2016104k free)

vm_info: Java HotSpot(TM) 64-Bit Server VM (25.131-b11) for windows-amd64 JRE (1.8.0_131-b11), built on Mar 15 2017 01:23:53 by "java_re" with MS VC++ 10.0 (VS2010)

time: Sat Apr 21 01:31:11 2018
elapsed time: 10 seconds (0d 0h 0m 10s)

